<?xml version="1.0" encoding="UTF-8"?>
<!-- Generated by org.testng.reporters.JUnitXMLReporter -->
<testsuite hostname="SILCP0102" ignored="1" name="Test One" tests="3" failures="0" timestamp="17 Oct 2017 09:28:38 GMT" time="15.546" errors="0">
  <testcase name="openGmail" time="8.179" classname="package1.Assertion"/>
  <testcase name="login" time="7.332" classname="package1.Assertion"/>
  <testcase name="ending" time="0.004" classname="package1.Assertion"/>
  <testcase name="validation" time="0.0" classname="package1.Assertion">
    <ignored/>
  </testcase> <!-- validation -->
</testsuite> <!-- Test One -->
